


ARM Macro Assembler    Page 1 


    1 00000000         ;/******************************************************
                       ********************//**
    2 00000000         ; * @file     startup_CMSDK_CM0.s
    3 00000000         ; * @brief    CMSIS Cortex-M0 Core Device Startup File f
                       or
    4 00000000         ; *           Device CMSDK_CM0
    5 00000000         ; * @version  V3.01
    6 00000000         ; * @date     06. March 2012
    7 00000000         ; *
    8 00000000         ; * @note
    9 00000000         ; * Copyright (C) 2012 ARM Limited. All rights reserved.
                       
   10 00000000         ; *
   11 00000000         ; * @par
   12 00000000         ; * ARM Limited (ARM) is supplying this software for use
                        with Cortex-M
   13 00000000         ; * processor based microcontrollers.  This file can be 
                       freely distributed
   14 00000000         ; * within development tools that are supporting such AR
                       M based processors.
   15 00000000         ; *
   16 00000000         ; * @par
   17 00000000         ; * THIS SOFTWARE IS PROVIDED "AS IS".  NO WARRANTIES, W
                       HETHER EXPRESS, IMPLIED
   18 00000000         ; * OR STATUTORY, INCLUDING, BUT NOT LIMITED TO, IMPLIED
                        WARRANTIES OF
   19 00000000         ; * MERCHANTABILITY AND FITNESS FOR A PARTICULAR PURPOSE
                        APPLY TO THIS SOFTWARE.
   20 00000000         ; * ARM SHALL NOT, IN ANY CIRCUMSTANCES, BE LIABLE FOR S
                       PECIAL, INCIDENTAL, OR
   21 00000000         ; * CONSEQUENTIAL DAMAGES, FOR ANY REASON WHATSOEVER.
   22 00000000         ; *
   23 00000000         ; ******************************************************
                       ************************/
   24 00000000         ;/*
   25 00000000         ;//-------- <<< Use Configuration Wizard in Context Menu
                        >>> ------------------
   26 00000000         ;*/
   27 00000000         
   28 00000000         
   29 00000000         ; <h> Stack Configuration
   30 00000000         ;   <o> Stack Size (in Bytes) <0x0-0xFFFFFFFF:8>
   31 00000000         ; </h>
   32 00000000         
   33 00000000 00000400 
                       Stack_Size
                               EQU              0x00000400
   34 00000000         
   35 00000000                 AREA             STACK, NOINIT, READWRITE, ALIGN
=3
   36 00000000         Stack_Mem
                               SPACE            Stack_Size
   37 00000400         __initial_sp
   38 00000400         
   39 00000400         
   40 00000400         ; <h> Heap Configuration
   41 00000400         ;   <o>  Heap Size (in Bytes) <0x0-0xFFFFFFFF:8>
   42 00000400         ; </h>
   43 00000400         



ARM Macro Assembler    Page 2 


   44 00000400 00000100 
                       Heap_Size
                               EQU              0x00000100
   45 00000400         
   46 00000400                 AREA             HEAP, NOINIT, READWRITE, ALIGN=
3
   47 00000000         __heap_base
   48 00000000         Heap_Mem
                               SPACE            Heap_Size
   49 00000100         __heap_limit
   50 00000100         
   51 00000100         
   52 00000100                 PRESERVE8
   53 00000100                 THUMB
   54 00000100         
   55 00000100         
   56 00000100         ; Vector Table Mapped to Address 0 at Reset
   57 00000100         
   58 00000100                 AREA             RESET, DATA, READONLY
   59 00000000                 EXPORT           __Vectors
   60 00000000                 EXPORT           __Vectors_End
   61 00000000                 EXPORT           __Vectors_Size
   62 00000000         
   63 00000000 00000000 
                       __Vectors
                               DCD              __initial_sp ; Top of Stack
   64 00000004 00000000        DCD              Reset_Handler ; Reset Handler
   65 00000008 00000000        DCD              NMI_Handler ; NMI Handler
   66 0000000C 00000000        DCD              HardFault_Handler ; Hard Fault 
                                                            Handler
   67 00000010 00000000        DCD              0           ; Reserved
   68 00000014 00000000        DCD              0           ; Reserved
   69 00000018 00000000        DCD              0           ; Reserved
   70 0000001C 00000000        DCD              0           ; Reserved
   71 00000020 00000000        DCD              0           ; Reserved
   72 00000024 00000000        DCD              0           ; Reserved
   73 00000028 00000000        DCD              0           ; Reserved
   74 0000002C 00000000        DCD              SVC_Handler ; SVCall Handler
   75 00000030 00000000        DCD              0           ; Reserved
   76 00000034 00000000        DCD              0           ; Reserved
   77 00000038 00000000        DCD              PendSV_Handler ; PendSV Handler
                                                            
   78 0000003C 00000000        DCD              SysTick_Handler 
                                                            ; SysTick Handler
   79 00000040 00000000        DCD              UARTRX0_Handler 
                                                            ; UART 0 RX Handler
                                                            
   80 00000044 00000000        DCD              UARTTX0_Handler 
                                                            ; UART 0 TX Handler
                                                            
   81 00000048 00000000        DCD              UARTRX1_Handler 
                                                            ; UART 1 RX Handler
                                                            
   82 0000004C 00000000        DCD              UARTTX1_Handler 
                                                            ; UART 1 TX Handler
                                                            
   83 00000050 00000000        DCD              UARTRX2_Handler 
                                                            ; UART 2 RX Handler
                                                            



ARM Macro Assembler    Page 3 


   84 00000054 00000000        DCD              UARTTX2_Handler 
                                                            ; UART 2 TX Handler
                                                            
   85 00000058 00000000        DCD              PORT0_COMB_Handler ; GPIO Port 
                                                            0 Combined Handler
   86 0000005C 00000000        DCD              PORT1_COMB_Handler ; GPIO Port 
                                                            1 Combined Handler
   87 00000060 00000000        DCD              TIMER0_Handler 
                                                            ; TIMER 0 handler
   88 00000064 00000000        DCD              TIMER1_Handler 
                                                            ; TIMER 1 handler
   89 00000068 00000000        DCD              DUALTIMER_HANDLER ; Dual timer 
                                                            handler
   90 0000006C 00000000        DCD              SPI_ALL_Handler ; Combines SPI 
                                                            Handler
   91 00000070 00000000        DCD              UARTOVF_Handler ; UART Combined
                                                             Overflow Handler
   92 00000074 00000000        DCD              ETHERNET_Handler ; Ethernet
   93 00000078 00000000        DCD              I2S_Handler ; Audio I2S
   94 0000007C 00000000        DCD              DMA_Handler ; DMA handler
   95 00000080 00000000        DCD              PORT0_0_Handler ; GPIO Port 0 p
                                                            in 0 Handler
   96 00000084 00000000        DCD              PORT0_1_Handler ; GPIO Port 0 p
                                                            in 1 Handler
   97 00000088 00000000        DCD              PORT0_2_Handler ; GPIO Port 0 p
                                                            in 2 Handler
   98 0000008C 00000000        DCD              PORT0_3_Handler ; GPIO Port 0 p
                                                            in 3 Handler
   99 00000090 00000000        DCD              PORT0_4_Handler ; GPIO Port 0 p
                                                            in 4 Handler
  100 00000094 00000000        DCD              PORT0_5_Handler ; GPIO Port 0 p
                                                            in 5 Handler
  101 00000098 00000000        DCD              PORT0_6_Handler ; GPIO Port 0 p
                                                            in 6 Handler
  102 0000009C 00000000        DCD              PORT0_7_Handler ; GPIO Port 0 p
                                                            in 7 Handler
  103 000000A0 00000000        DCD              PORT0_8_Handler ; GPIO Port 0 p
                                                            in 8 Handler
  104 000000A4 00000000        DCD              PORT0_9_Handler ; GPIO Port 0 p
                                                            in 9 Handler
  105 000000A8 00000000        DCD              PORT0_10_Handler ; GPIO Port 0 
                                                            pin 10 Handler
  106 000000AC 00000000        DCD              PORT0_11_Handler ; GPIO Port 0 
                                                            pin 11 Handler
  107 000000B0 00000000        DCD              PORT0_12_Handler ; GPIO Port 0 
                                                            pin 12 Handler
  108 000000B4 00000000        DCD              PORT0_13_Handler ; GPIO Port 0 
                                                            pin 13 Handler
  109 000000B8 00000000        DCD              PORT0_14_Handler ; GPIO Port 0 
                                                            pin 14 Handler
  110 000000BC 00000000        DCD              PORT0_15_Handler ; GPIO Port 0 
                                                            pin 15 Handler
  111 000000C0         __Vectors_End
  112 000000C0         
  113 000000C0 000000C0 
                       __Vectors_Size
                               EQU              __Vectors_End - __Vectors
  114 000000C0         
  115 000000C0                 AREA             |.text|, CODE, READONLY



ARM Macro Assembler    Page 4 


  116 00000000         
  117 00000000         
  118 00000000         ; Reset Handler
  119 00000000         
  120 00000000         Reset_Handler
                               PROC
  121 00000000                 EXPORT           Reset_Handler             [WEAK
]
  122 00000000                 IMPORT           SystemInit
  123 00000000                 IMPORT           __main
  124 00000000 4805            LDR              R0, =SystemInit
  125 00000002         ; Initialise at least r8, r9 to avoid X in tests
  126 00000002         ; Only important for simulation where X can cause
  127 00000002         ; unexpected core behaviour
  128 00000002 4680            MOV              R8, R0
  129 00000004 46C1            MOV              R9, R8
  130 00000006 4780            BLX              R0
  131 00000008 4804            LDR              R0, =__main
  132 0000000A 4700            BX               R0
  133 0000000C                 ENDP
  134 0000000C         
  135 0000000C         
  136 0000000C         ; Dummy Exception Handlers (infinite loops which can be 
                       modified)
  137 0000000C         
  138 0000000C         NMI_Handler
                               PROC
  139 0000000C                 EXPORT           NMI_Handler               [WEAK
]
  140 0000000C E7FE            B                .
  141 0000000E                 ENDP
  143 0000000E         HardFault_Handler
                               PROC
  144 0000000E                 EXPORT           HardFault_Handler         [WEAK
]
  145 0000000E E7FE            B                .
  146 00000010                 ENDP
  147 00000010         SVC_Handler
                               PROC
  148 00000010                 EXPORT           SVC_Handler               [WEAK
]
  149 00000010 E7FE            B                .
  150 00000012                 ENDP
  151 00000012         PendSV_Handler
                               PROC
  152 00000012                 EXPORT           PendSV_Handler            [WEAK
]
  153 00000012 E7FE            B                .
  154 00000014                 ENDP
  155 00000014         SysTick_Handler
                               PROC
  156 00000014                 EXPORT           SysTick_Handler            [WEA
K]
  157 00000014 E7FE            B                .
  158 00000016                 ENDP
  159 00000016         Default_Handler
                               PROC
  160 00000016                 EXPORT           UARTRX0_Handler            [WEA
K]



ARM Macro Assembler    Page 5 


  161 00000016                 EXPORT           UARTTX0_Handler            [WEA
K]
  162 00000016                 EXPORT           UARTRX1_Handler            [WEA
K]
  163 00000016                 EXPORT           UARTTX1_Handler            [WEA
K]
  164 00000016                 EXPORT           UARTRX2_Handler            [WEA
K]
  165 00000016                 EXPORT           UARTTX2_Handler            [WEA
K]
  166 00000016                 EXPORT           PORT0_COMB_Handler         [WEA
K]
  167 00000016                 EXPORT           PORT1_COMB_Handler         [WEA
K]
  168 00000016                 EXPORT           TIMER0_Handler             [WEA
K]
  169 00000016                 EXPORT           TIMER1_Handler             [WEA
K]
  170 00000016                 EXPORT           DUALTIMER_HANDLER          [WEA
K]
  171 00000016                 EXPORT           SPI_ALL_Handler            [WEA
K]
  172 00000016                 EXPORT           UARTOVF_Handler            [WEA
K]
  173 00000016                 EXPORT           ETHERNET_Handler           [WEA
K]
  174 00000016                 EXPORT           I2S_Handler                [WEA
K]
  175 00000016                 EXPORT           DMA_Handler                [WEA
K]
  176 00000016                 EXPORT           PORT0_0_Handler            [WEA
K]
  177 00000016                 EXPORT           PORT0_1_Handler            [WEA
K]
  178 00000016                 EXPORT           PORT0_2_Handler            [WEA
K]
  179 00000016                 EXPORT           PORT0_3_Handler            [WEA
K]
  180 00000016                 EXPORT           PORT0_4_Handler            [WEA
K]
  181 00000016                 EXPORT           PORT0_5_Handler            [WEA
K]
  182 00000016                 EXPORT           PORT0_6_Handler            [WEA
K]
  183 00000016                 EXPORT           PORT0_7_Handler            [WEA
K]
  184 00000016                 EXPORT           PORT0_8_Handler            [WEA
K]
  185 00000016                 EXPORT           PORT0_9_Handler            [WEA
K]
  186 00000016                 EXPORT           PORT0_10_Handler           [WEA
K]
  187 00000016                 EXPORT           PORT0_11_Handler           [WEA
K]
  188 00000016                 EXPORT           PORT0_12_Handler           [WEA
K]
  189 00000016                 EXPORT           PORT0_13_Handler           [WEA
K]
  190 00000016                 EXPORT           PORT0_14_Handler           [WEA



ARM Macro Assembler    Page 6 


K]
  191 00000016                 EXPORT           PORT0_15_Handler           [WEA
K]
  192 00000016         UARTRX0_Handler
  193 00000016         UARTTX0_Handler
  194 00000016         UARTRX1_Handler
  195 00000016         UARTTX1_Handler
  196 00000016         UARTRX2_Handler
  197 00000016         UARTTX2_Handler
  198 00000016         PORT0_COMB_Handler
  199 00000016         PORT1_COMB_Handler
  200 00000016         TIMER0_Handler
  201 00000016         TIMER1_Handler
  202 00000016         DUALTIMER_HANDLER
  203 00000016         SPI_ALL_Handler
  204 00000016         UARTOVF_Handler
  205 00000016         ETHERNET_Handler
  206 00000016         I2S_Handler
  207 00000016         DMA_Handler
  208 00000016         PORT0_0_Handler
  209 00000016         PORT0_1_Handler
  210 00000016         PORT0_2_Handler
  211 00000016         PORT0_3_Handler
  212 00000016         PORT0_4_Handler
  213 00000016         PORT0_5_Handler
  214 00000016         PORT0_6_Handler
  215 00000016         PORT0_7_Handler
  216 00000016         PORT0_8_Handler
  217 00000016         PORT0_9_Handler
  218 00000016         PORT0_10_Handler
  219 00000016         PORT0_11_Handler
  220 00000016         PORT0_12_Handler
  221 00000016         PORT0_13_Handler
  222 00000016         PORT0_14_Handler
  223 00000016         PORT0_15_Handler
  224 00000016 E7FE            B                .
  225 00000018                 ENDP
  226 00000018         
  227 00000018         
  228 00000018                 ALIGN
  229 00000018         
  230 00000018         
  231 00000018         ; User Initial Stack & Heap
  232 00000018         
  233 00000018                 IF               :DEF:__MICROLIB
  234 00000018         
  235 00000018                 EXPORT           __initial_sp
  236 00000018                 EXPORT           __heap_base
  237 00000018                 EXPORT           __heap_limit
  238 00000018         
  239 00000018                 ELSE
  254                          ENDIF
  255 00000018         
  256 00000018         
  257 00000018                 END
              00000000 
              00000000 
Command Line: --debug --xref --diag_suppress=9931 --cpu=Cortex-M0 --apcs=interw
ork --depend=.\objects\startup_cmsdk_cm0.d -o.\objects\startup_cmsdk_cm0.o -IC:



ARM Macro Assembler    Page 7 


\Users\t\AppData\Local\Arm\Packs\ARM\CMSIS\5.8.0\Device\ARM\ARMCM0\Include --pr
edefine="__MICROLIB SETA 1" --predefine="__UVISION_VERSION SETA 536" --predefin
e="ARMCM0 SETA 1" --list=.\listings\startup_cmsdk_cm0.lst bsp\device\startup_CM
SDK_CM0.s



ARM Macro Assembler    Page 1 Alphabetic symbol ordering
Relocatable symbols

STACK 00000000

Symbol: STACK
   Definitions
      At line 35 in file bsp\device\startup_CMSDK_CM0.s
   Uses
      None
Comment: STACK unused
Stack_Mem 00000000

Symbol: Stack_Mem
   Definitions
      At line 36 in file bsp\device\startup_CMSDK_CM0.s
   Uses
      None
Comment: Stack_Mem unused
__initial_sp 00000400

Symbol: __initial_sp
   Definitions
      At line 37 in file bsp\device\startup_CMSDK_CM0.s
   Uses
      At line 63 in file bsp\device\startup_CMSDK_CM0.s
      At line 235 in file bsp\device\startup_CMSDK_CM0.s

3 symbols



ARM Macro Assembler    Page 1 Alphabetic symbol ordering
Relocatable symbols

HEAP 00000000

Symbol: HEAP
   Definitions
      At line 46 in file bsp\device\startup_CMSDK_CM0.s
   Uses
      None
Comment: HEAP unused
Heap_Mem 00000000

Symbol: Heap_Mem
   Definitions
      At line 48 in file bsp\device\startup_CMSDK_CM0.s
   Uses
      None
Comment: Heap_Mem unused
__heap_base 00000000

Symbol: __heap_base
   Definitions
      At line 47 in file bsp\device\startup_CMSDK_CM0.s
   Uses
      At line 236 in file bsp\device\startup_CMSDK_CM0.s
Comment: __heap_base used once
__heap_limit 00000100

Symbol: __heap_limit
   Definitions
      At line 49 in file bsp\device\startup_CMSDK_CM0.s
   Uses
      At line 237 in file bsp\device\startup_CMSDK_CM0.s
Comment: __heap_limit used once
4 symbols



ARM Macro Assembler    Page 1 Alphabetic symbol ordering
Relocatable symbols

RESET 00000000

Symbol: RESET
   Definitions
      At line 58 in file bsp\device\startup_CMSDK_CM0.s
   Uses
      None
Comment: RESET unused
__Vectors 00000000

Symbol: __Vectors
   Definitions
      At line 63 in file bsp\device\startup_CMSDK_CM0.s
   Uses
      At line 59 in file bsp\device\startup_CMSDK_CM0.s
      At line 113 in file bsp\device\startup_CMSDK_CM0.s

__Vectors_End 000000C0

Symbol: __Vectors_End
   Definitions
      At line 111 in file bsp\device\startup_CMSDK_CM0.s
   Uses
      At line 60 in file bsp\device\startup_CMSDK_CM0.s
      At line 113 in file bsp\device\startup_CMSDK_CM0.s

3 symbols



ARM Macro Assembler    Page 1 Alphabetic symbol ordering
Relocatable symbols

.text 00000000

Symbol: .text
   Definitions
      At line 115 in file bsp\device\startup_CMSDK_CM0.s
   Uses
      None
Comment: .text unused
DMA_Handler 00000016

Symbol: DMA_Handler
   Definitions
      At line 207 in file bsp\device\startup_CMSDK_CM0.s
   Uses
      At line 94 in file bsp\device\startup_CMSDK_CM0.s
      At line 175 in file bsp\device\startup_CMSDK_CM0.s

DUALTIMER_HANDLER 00000016

Symbol: DUALTIMER_HANDLER
   Definitions
      At line 202 in file bsp\device\startup_CMSDK_CM0.s
   Uses
      At line 89 in file bsp\device\startup_CMSDK_CM0.s
      At line 170 in file bsp\device\startup_CMSDK_CM0.s

Default_Handler 00000016

Symbol: Default_Handler
   Definitions
      At line 159 in file bsp\device\startup_CMSDK_CM0.s
   Uses
      None
Comment: Default_Handler unused
ETHERNET_Handler 00000016

Symbol: ETHERNET_Handler
   Definitions
      At line 205 in file bsp\device\startup_CMSDK_CM0.s
   Uses
      At line 92 in file bsp\device\startup_CMSDK_CM0.s
      At line 173 in file bsp\device\startup_CMSDK_CM0.s

HardFault_Handler 0000000E

Symbol: HardFault_Handler
   Definitions
      At line 143 in file bsp\device\startup_CMSDK_CM0.s
   Uses
      At line 66 in file bsp\device\startup_CMSDK_CM0.s
      At line 144 in file bsp\device\startup_CMSDK_CM0.s

I2S_Handler 00000016

Symbol: I2S_Handler
   Definitions
      At line 206 in file bsp\device\startup_CMSDK_CM0.s
   Uses
      At line 93 in file bsp\device\startup_CMSDK_CM0.s



ARM Macro Assembler    Page 2 Alphabetic symbol ordering
Relocatable symbols

      At line 174 in file bsp\device\startup_CMSDK_CM0.s

NMI_Handler 0000000C

Symbol: NMI_Handler
   Definitions
      At line 138 in file bsp\device\startup_CMSDK_CM0.s
   Uses
      At line 65 in file bsp\device\startup_CMSDK_CM0.s
      At line 139 in file bsp\device\startup_CMSDK_CM0.s

PORT0_0_Handler 00000016

Symbol: PORT0_0_Handler
   Definitions
      At line 208 in file bsp\device\startup_CMSDK_CM0.s
   Uses
      At line 95 in file bsp\device\startup_CMSDK_CM0.s
      At line 176 in file bsp\device\startup_CMSDK_CM0.s

PORT0_10_Handler 00000016

Symbol: PORT0_10_Handler
   Definitions
      At line 218 in file bsp\device\startup_CMSDK_CM0.s
   Uses
      At line 105 in file bsp\device\startup_CMSDK_CM0.s
      At line 186 in file bsp\device\startup_CMSDK_CM0.s

PORT0_11_Handler 00000016

Symbol: PORT0_11_Handler
   Definitions
      At line 219 in file bsp\device\startup_CMSDK_CM0.s
   Uses
      At line 106 in file bsp\device\startup_CMSDK_CM0.s
      At line 187 in file bsp\device\startup_CMSDK_CM0.s

PORT0_12_Handler 00000016

Symbol: PORT0_12_Handler
   Definitions
      At line 220 in file bsp\device\startup_CMSDK_CM0.s
   Uses
      At line 107 in file bsp\device\startup_CMSDK_CM0.s
      At line 188 in file bsp\device\startup_CMSDK_CM0.s

PORT0_13_Handler 00000016

Symbol: PORT0_13_Handler
   Definitions
      At line 221 in file bsp\device\startup_CMSDK_CM0.s
   Uses
      At line 108 in file bsp\device\startup_CMSDK_CM0.s
      At line 189 in file bsp\device\startup_CMSDK_CM0.s

PORT0_14_Handler 00000016

Symbol: PORT0_14_Handler



ARM Macro Assembler    Page 3 Alphabetic symbol ordering
Relocatable symbols

   Definitions
      At line 222 in file bsp\device\startup_CMSDK_CM0.s
   Uses
      At line 109 in file bsp\device\startup_CMSDK_CM0.s
      At line 190 in file bsp\device\startup_CMSDK_CM0.s

PORT0_15_Handler 00000016

Symbol: PORT0_15_Handler
   Definitions
      At line 223 in file bsp\device\startup_CMSDK_CM0.s
   Uses
      At line 110 in file bsp\device\startup_CMSDK_CM0.s
      At line 191 in file bsp\device\startup_CMSDK_CM0.s

PORT0_1_Handler 00000016

Symbol: PORT0_1_Handler
   Definitions
      At line 209 in file bsp\device\startup_CMSDK_CM0.s
   Uses
      At line 96 in file bsp\device\startup_CMSDK_CM0.s
      At line 177 in file bsp\device\startup_CMSDK_CM0.s

PORT0_2_Handler 00000016

Symbol: PORT0_2_Handler
   Definitions
      At line 210 in file bsp\device\startup_CMSDK_CM0.s
   Uses
      At line 97 in file bsp\device\startup_CMSDK_CM0.s
      At line 178 in file bsp\device\startup_CMSDK_CM0.s

PORT0_3_Handler 00000016

Symbol: PORT0_3_Handler
   Definitions
      At line 211 in file bsp\device\startup_CMSDK_CM0.s
   Uses
      At line 98 in file bsp\device\startup_CMSDK_CM0.s
      At line 179 in file bsp\device\startup_CMSDK_CM0.s

PORT0_4_Handler 00000016

Symbol: PORT0_4_Handler
   Definitions
      At line 212 in file bsp\device\startup_CMSDK_CM0.s
   Uses
      At line 99 in file bsp\device\startup_CMSDK_CM0.s
      At line 180 in file bsp\device\startup_CMSDK_CM0.s

PORT0_5_Handler 00000016

Symbol: PORT0_5_Handler
   Definitions
      At line 213 in file bsp\device\startup_CMSDK_CM0.s
   Uses
      At line 100 in file bsp\device\startup_CMSDK_CM0.s
      At line 181 in file bsp\device\startup_CMSDK_CM0.s



ARM Macro Assembler    Page 4 Alphabetic symbol ordering
Relocatable symbols


PORT0_6_Handler 00000016

Symbol: PORT0_6_Handler
   Definitions
      At line 214 in file bsp\device\startup_CMSDK_CM0.s
   Uses
      At line 101 in file bsp\device\startup_CMSDK_CM0.s
      At line 182 in file bsp\device\startup_CMSDK_CM0.s

PORT0_7_Handler 00000016

Symbol: PORT0_7_Handler
   Definitions
      At line 215 in file bsp\device\startup_CMSDK_CM0.s
   Uses
      At line 102 in file bsp\device\startup_CMSDK_CM0.s
      At line 183 in file bsp\device\startup_CMSDK_CM0.s

PORT0_8_Handler 00000016

Symbol: PORT0_8_Handler
   Definitions
      At line 216 in file bsp\device\startup_CMSDK_CM0.s
   Uses
      At line 103 in file bsp\device\startup_CMSDK_CM0.s
      At line 184 in file bsp\device\startup_CMSDK_CM0.s

PORT0_9_Handler 00000016

Symbol: PORT0_9_Handler
   Definitions
      At line 217 in file bsp\device\startup_CMSDK_CM0.s
   Uses
      At line 104 in file bsp\device\startup_CMSDK_CM0.s
      At line 185 in file bsp\device\startup_CMSDK_CM0.s

PORT0_COMB_Handler 00000016

Symbol: PORT0_COMB_Handler
   Definitions
      At line 198 in file bsp\device\startup_CMSDK_CM0.s
   Uses
      At line 85 in file bsp\device\startup_CMSDK_CM0.s
      At line 166 in file bsp\device\startup_CMSDK_CM0.s

PORT1_COMB_Handler 00000016

Symbol: PORT1_COMB_Handler
   Definitions
      At line 199 in file bsp\device\startup_CMSDK_CM0.s
   Uses
      At line 86 in file bsp\device\startup_CMSDK_CM0.s
      At line 167 in file bsp\device\startup_CMSDK_CM0.s

PendSV_Handler 00000012

Symbol: PendSV_Handler
   Definitions



ARM Macro Assembler    Page 5 Alphabetic symbol ordering
Relocatable symbols

      At line 151 in file bsp\device\startup_CMSDK_CM0.s
   Uses
      At line 77 in file bsp\device\startup_CMSDK_CM0.s
      At line 152 in file bsp\device\startup_CMSDK_CM0.s

Reset_Handler 00000000

Symbol: Reset_Handler
   Definitions
      At line 120 in file bsp\device\startup_CMSDK_CM0.s
   Uses
      At line 64 in file bsp\device\startup_CMSDK_CM0.s
      At line 121 in file bsp\device\startup_CMSDK_CM0.s

SPI_ALL_Handler 00000016

Symbol: SPI_ALL_Handler
   Definitions
      At line 203 in file bsp\device\startup_CMSDK_CM0.s
   Uses
      At line 90 in file bsp\device\startup_CMSDK_CM0.s
      At line 171 in file bsp\device\startup_CMSDK_CM0.s

SVC_Handler 00000010

Symbol: SVC_Handler
   Definitions
      At line 147 in file bsp\device\startup_CMSDK_CM0.s
   Uses
      At line 74 in file bsp\device\startup_CMSDK_CM0.s
      At line 148 in file bsp\device\startup_CMSDK_CM0.s

SysTick_Handler 00000014

Symbol: SysTick_Handler
   Definitions
      At line 155 in file bsp\device\startup_CMSDK_CM0.s
   Uses
      At line 78 in file bsp\device\startup_CMSDK_CM0.s
      At line 156 in file bsp\device\startup_CMSDK_CM0.s

TIMER0_Handler 00000016

Symbol: TIMER0_Handler
   Definitions
      At line 200 in file bsp\device\startup_CMSDK_CM0.s
   Uses
      At line 87 in file bsp\device\startup_CMSDK_CM0.s
      At line 168 in file bsp\device\startup_CMSDK_CM0.s

TIMER1_Handler 00000016

Symbol: TIMER1_Handler
   Definitions
      At line 201 in file bsp\device\startup_CMSDK_CM0.s
   Uses
      At line 88 in file bsp\device\startup_CMSDK_CM0.s
      At line 169 in file bsp\device\startup_CMSDK_CM0.s




ARM Macro Assembler    Page 6 Alphabetic symbol ordering
Relocatable symbols

UARTOVF_Handler 00000016

Symbol: UARTOVF_Handler
   Definitions
      At line 204 in file bsp\device\startup_CMSDK_CM0.s
   Uses
      At line 91 in file bsp\device\startup_CMSDK_CM0.s
      At line 172 in file bsp\device\startup_CMSDK_CM0.s

UARTRX0_Handler 00000016

Symbol: UARTRX0_Handler
   Definitions
      At line 192 in file bsp\device\startup_CMSDK_CM0.s
   Uses
      At line 79 in file bsp\device\startup_CMSDK_CM0.s
      At line 160 in file bsp\device\startup_CMSDK_CM0.s

UARTRX1_Handler 00000016

Symbol: UARTRX1_Handler
   Definitions
      At line 194 in file bsp\device\startup_CMSDK_CM0.s
   Uses
      At line 81 in file bsp\device\startup_CMSDK_CM0.s
      At line 162 in file bsp\device\startup_CMSDK_CM0.s

UARTRX2_Handler 00000016

Symbol: UARTRX2_Handler
   Definitions
      At line 196 in file bsp\device\startup_CMSDK_CM0.s
   Uses
      At line 83 in file bsp\device\startup_CMSDK_CM0.s
      At line 164 in file bsp\device\startup_CMSDK_CM0.s

UARTTX0_Handler 00000016

Symbol: UARTTX0_Handler
   Definitions
      At line 193 in file bsp\device\startup_CMSDK_CM0.s
   Uses
      At line 80 in file bsp\device\startup_CMSDK_CM0.s
      At line 161 in file bsp\device\startup_CMSDK_CM0.s

UARTTX1_Handler 00000016

Symbol: UARTTX1_Handler
   Definitions
      At line 195 in file bsp\device\startup_CMSDK_CM0.s
   Uses
      At line 82 in file bsp\device\startup_CMSDK_CM0.s
      At line 163 in file bsp\device\startup_CMSDK_CM0.s

UARTTX2_Handler 00000016

Symbol: UARTTX2_Handler
   Definitions
      At line 197 in file bsp\device\startup_CMSDK_CM0.s



ARM Macro Assembler    Page 7 Alphabetic symbol ordering
Relocatable symbols

   Uses
      At line 84 in file bsp\device\startup_CMSDK_CM0.s
      At line 165 in file bsp\device\startup_CMSDK_CM0.s

40 symbols



ARM Macro Assembler    Page 1 Alphabetic symbol ordering
Absolute symbols

Heap_Size 00000100

Symbol: Heap_Size
   Definitions
      At line 44 in file bsp\device\startup_CMSDK_CM0.s
   Uses
      At line 48 in file bsp\device\startup_CMSDK_CM0.s
Comment: Heap_Size used once
Stack_Size 00000400

Symbol: Stack_Size
   Definitions
      At line 33 in file bsp\device\startup_CMSDK_CM0.s
   Uses
      At line 36 in file bsp\device\startup_CMSDK_CM0.s
Comment: Stack_Size used once
__Vectors_Size 000000C0

Symbol: __Vectors_Size
   Definitions
      At line 113 in file bsp\device\startup_CMSDK_CM0.s
   Uses
      At line 61 in file bsp\device\startup_CMSDK_CM0.s
Comment: __Vectors_Size used once
3 symbols



ARM Macro Assembler    Page 1 Alphabetic symbol ordering
External symbols

SystemInit 00000000

Symbol: SystemInit
   Definitions
      At line 122 in file bsp\device\startup_CMSDK_CM0.s
   Uses
      At line 124 in file bsp\device\startup_CMSDK_CM0.s
Comment: SystemInit used once
__main 00000000

Symbol: __main
   Definitions
      At line 123 in file bsp\device\startup_CMSDK_CM0.s
   Uses
      At line 131 in file bsp\device\startup_CMSDK_CM0.s
Comment: __main used once
2 symbols
390 symbols in table
